2026-01-26 00:15:20,211 - quant_trading - INFO - 🚀 Trading System Scheduler Started (PID: 15645)
2026-01-26 00:15:20,211 - quant_trading - INFO - 📅 排程設定已載入:
2026-01-26 00:15:20,211 - quant_trading - INFO -    - 台股 (TW): 每天 14:30 執行
2026-01-26 00:15:20,211 - quant_trading - INFO -    - 美股 (US): 每天 06:00 執行
2026-01-26 00:15:22,883 - quant_trading - INFO - 🚀 正在啟動 Trading System (台美雙系統架構)... 
2026-01-26 00:17:09,767 - quant_trading - INFO - 🚀 Trading System Scheduler Started (PID: 15956)
2026-01-26 00:17:09,767 - quant_trading - INFO - 📅 排程設定已載入:
2026-01-26 00:17:09,768 - quant_trading - INFO -    - 台股 (TW): 每天 14:30 執行
2026-01-26 00:17:09,768 - quant_trading - INFO -    - 美股 (US): 每天 06:00 執行
2026-01-26 00:17:13,111 - quant_trading - INFO - 🚀 正在啟動 Trading System (台美雙系統架構)... 
2026-01-26 00:17:13,135 - quant_trading - INFO - 🧵 IB 背景執行緒已啟動
2026-01-26 00:17:13,135 - quant_trading - INFO - 🔄 嘗試連線至 IBKR (執行緒隔離模式) 127.0.0.1:7497
2026-01-26 00:17:13,903 - quant_trading - INFO - ✅ 成功連線至 IBKR (已開啟延遲行情)
2026-01-26 00:17:13,904 - quant_trading - ERROR - ❌ 尚未安裝 esun_trade 套件。請向玉山證券下載 .whl 檔並進行安裝。
2026-01-26 06:01:02,649 - quant_trading - INFO - ⏰ 開始掃描 US 市場...
2026-01-26 06:01:02,902 - quant_trading - INFO - 📥 正在從 BlackRock 抓取 S&P 500 (IVV) 持股清單...
2026-01-26 06:01:05,739 - quant_trading - INFO - ✅ 美股清單取得: 503 檔 (來源: BlackRock iShares)
2026-01-26 06:01:05,768 - quant_trading - INFO - 🔍 分析開始：全市場 503 檔 + 已購庫存 5 檔 + 觀察中 14 檔
2026-01-26 06:01:28,884 - quant_trading - INFO - ✅ US 掃描完成！買進:2 | 庫存賣出:1 | 觀察賣出:2
2026-01-26 14:30:00,259 - quant_trading - INFO - ⏰ 開始掃描 TW 市場...
2026-01-26 14:30:00,363 - quant_trading - INFO - 📥 正在抓取台股清單...
2026-01-26 14:30:00,376 - quant_trading - INFO -    - 正在抓取上市股票...
2026-01-26 14:30:14,001 - quant_trading - INFO -    - 正在抓取上櫃股票...
2026-01-26 14:30:16,012 - quant_trading - INFO - ✅ 台股清單取得成功: 共 1953 檔
2026-01-26 14:30:16,030 - quant_trading - INFO - 🔍 分析開始：全市場 1953 檔 + 已購庫存 2 檔 + 觀察中 24 檔
2026-01-26 14:30:47,689 - quant_trading - INFO - ✅ TW 掃描完成！買進:41 | 庫存賣出:1 | 觀察賣出:2
2026-01-26 17:07:08,385 - quant_trading - INFO - 👋 正在關閉 Trading System...
2026-01-26 17:07:19,845 - quant_trading - INFO - 🚀 Trading System Scheduler Started (PID: 86853)
2026-01-26 17:07:19,845 - quant_trading - INFO - 📅 排程設定已載入:
2026-01-26 17:07:19,846 - quant_trading - INFO -    - 台股 (TW): 每天 14:30 執行
2026-01-26 17:07:19,846 - quant_trading - INFO -    - 美股 (US): 每天 06:00 執行
2026-01-26 17:07:22,806 - quant_trading - INFO - 🚀 正在啟動 Trading System (台美雙系統架構)... 
2026-01-26 17:07:22,808 - quant_trading - INFO - 🧵 IB 背景執行緒已啟動
2026-01-26 17:07:22,809 - quant_trading - INFO - 🔄 嘗試連線至 IBKR (執行緒隔離模式) 127.0.0.1:7497
2026-01-26 17:07:23,441 - quant_trading - INFO - ✅ 成功連線至 IBKR (已開啟延遲行情)
2026-01-26 17:07:23,442 - quant_trading - ERROR - ❌ 尚未安裝 esun_trade 套件。請向玉山證券下載 .whl 檔並進行安裝。
2026-01-26 20:13:08,283 - quant_trading - INFO - 👋 正在關閉 Trading System...
2026-01-26 21:07:45,745 - quant_trading - INFO - 🚀 Trading System Scheduler Started (PID: 35555)
2026-01-26 21:07:45,746 - quant_trading - INFO - 📅 排程設定已載入:
2026-01-26 21:07:45,746 - quant_trading - INFO -    - 台股 (TW): 每天 14:30 執行
2026-01-26 21:07:45,746 - quant_trading - INFO -    - 美股 (US): 每天 06:00 執行
2026-01-26 21:07:47,287 - quant_trading - INFO - 🚀 正在啟動 Trading System (台美雙系統架構)... 
2026-01-26 21:07:47,291 - quant_trading - INFO - 🧵 IB 背景執行緒已啟動
2026-01-26 21:07:47,291 - quant_trading - INFO - 🔄 嘗試連線至 IBKR (執行緒隔離模式) 127.0.0.1:7497
2026-01-26 21:07:47,908 - quant_trading - INFO - ✅ 成功連線至 IBKR (已開啟延遲行情)
2026-01-26 21:07:47,908 - quant_trading - ERROR - ❌ 尚未安裝 esun_trade 套件。請向玉山證券下載 .whl 檔並進行安裝。
2026-01-26 21:08:39,739 - quant_trading - INFO - ⏰ 開始掃描 US 市場...
2026-01-26 21:08:39,739 - quant_trading - INFO - 📥 正在抓取 S&P 500 持股...
2026-01-26 21:08:40,712 - quant_trading - INFO - 📥 正在抓取 Russell 2000 Growth 持股...
2026-01-26 21:08:41,671 - quant_trading - INFO - 📥 正在抓取 S&P MidCap 400 Growth 持股...
2026-01-26 21:08:42,249 - quant_trading - INFO - 📥 正在抓取 ARK Innovation (ARKK) 持股...
2026-01-26 21:08:42,622 - quant_trading - ERROR - ❌ 抓取 ARK 清單失敗: Error tokenizing data. C error: Expected 1 fields in line 11, saw 2

2026-01-26 21:08:42,638 - quant_trading - INFO - ✅ 美股清單綜合取得成功: 共 1025 檔關鍵成長標的
2026-01-26 21:12:43,046 - quant_trading - INFO - ⏰ 開始掃描 US 市場...
2026-01-26 21:12:43,048 - quant_trading - INFO - 📥 正在抓取 S&P 500 持股...
2026-01-26 21:12:44,161 - quant_trading - INFO - 📥 正在抓取 Russell 2000 Growth 持股...
2026-01-26 21:12:45,844 - quant_trading - INFO - 📥 正在抓取 S&P MidCap 400 Growth 持股...
2026-01-26 21:12:46,540 - quant_trading - INFO - 📥 正在抓取 ARK Innovation (ARKK) 持股...
2026-01-26 21:12:46,943 - quant_trading - ERROR - ❌ 抓取 ARK 清單失敗: Error tokenizing data. C error: Expected 1 fields in line 11, saw 2

2026-01-26 21:12:46,943 - quant_trading - INFO - ✅ 美股清單綜合取得成功: 共 1025 檔關鍵成長標的
2026-01-26 23:27:47,288 - quant_trading - INFO - ⏰ 開始掃描 US 市場...
2026-01-26 23:27:47,298 - quant_trading - INFO - 📥 正在抓取 S&P 500 持股...
2026-01-26 23:27:48,810 - quant_trading - INFO - 📥 正在抓取 Russell 2000 Growth 持股...
2026-01-26 23:27:49,961 - quant_trading - INFO - 📥 正在抓取 S&P MidCap 400 Growth 持股...
2026-01-26 23:27:50,934 - quant_trading - INFO - 📥 正在抓取 ARK Innovation (ARKK) 持股...
2026-01-26 23:27:51,705 - quant_trading - ERROR - ❌ 抓取 ARK 清單失敗: Error tokenizing data. C error: Expected 1 fields in line 11, saw 2

2026-01-26 23:27:51,706 - quant_trading - INFO - ✅ 美股清單綜合取得成功: 共 1025 檔關鍵成長標的
2026-01-26 23:28:25,545 - quant_trading - INFO - 👋 正在關閉 Trading System...
2026-01-26 23:28:31,007 - quant_trading - INFO - 🚀 Trading System Scheduler Started (PID: 50020)
2026-01-26 23:28:31,007 - quant_trading - INFO - 📅 排程設定已載入:
2026-01-26 23:28:31,007 - quant_trading - INFO -    - 台股 (TW): 每天 14:30 執行
2026-01-26 23:28:31,008 - quant_trading - INFO -    - 美股 (US): 每天 06:00 執行
2026-01-26 23:28:33,701 - quant_trading - INFO - 🚀 正在啟動 Trading System (台美雙系統架構)... 
2026-01-26 23:28:33,706 - quant_trading - INFO - 🧵 IB 背景執行緒已啟動
2026-01-26 23:28:33,706 - quant_trading - INFO - 🔄 嘗試連線至 IBKR (執行緒隔離模式) 127.0.0.1:7497
2026-01-26 23:28:34,259 - quant_trading - INFO - ✅ 成功連線至 IBKR (已開啟延遲行情)
2026-01-26 23:28:34,271 - quant_trading - ERROR - ❌ 尚未安裝 esun_trade 套件。請向玉山證券下載 .whl 檔並進行安裝。
2026-01-26 23:28:42,879 - quant_trading - INFO - ⏰ 開始掃描 US 市場...
2026-01-26 23:28:42,879 - quant_trading - INFO - 📥 正在抓取 S&P 500 持股...
2026-01-26 23:28:43,483 - quant_trading - INFO - 📥 正在抓取 Russell 2000 Growth 持股...
2026-01-26 23:28:44,174 - quant_trading - INFO - 📥 正在抓取 S&P MidCap 400 Growth 持股...
2026-01-26 23:28:45,039 - quant_trading - INFO - 📥 正在抓取 ARK Innovation (ARKK) 持股...
2026-01-26 23:28:45,536 - quant_trading - INFO - ✅ 美股清單綜合取得成功: 共 1025 檔關鍵成長標的
2026-01-26 23:28:45,564 - quant_trading - INFO - 🔍 分析開始：全市場 1025 檔 + 已購庫存 5 檔 + 觀察中 14 檔
2026-01-26 23:29:08,514 - quant_trading - INFO - ✅ US 掃描完成！買進:0 | 庫存賣出:1 | 觀察賣出:2
2026-01-26 23:35:23,171 - quant_trading - INFO - ⏰ 開始掃描 TW 市場...
2026-01-26 23:35:23,188 - quant_trading - INFO - 📥 正在抓取台股清單...
2026-01-26 23:35:23,190 - quant_trading - INFO -    - 正在抓取上市股票...
2026-01-26 23:35:31,533 - quant_trading - INFO -    - 正在抓取上櫃股票...
2026-01-26 23:35:35,049 - quant_trading - INFO - ✅ 台股清單取得成功: 共 1953 檔
2026-01-26 23:35:35,079 - quant_trading - INFO - 🔍 分析開始：全市場 1953 檔 + 已購庫存 2 檔 + 觀察中 50 檔
2026-01-26 23:36:34,232 - quant_trading - INFO - ✅ TW 掃描完成！買進:32 | 庫存賣出:0 | 觀察賣出:1
2026-01-27 09:45:26,125 - quant_trading - INFO - ⏰ 開始掃描 US 市場...
2026-01-27 09:45:26,325 - quant_trading - INFO - 📥 正在抓取 S&P 500 持股...
2026-01-27 09:45:31,548 - quant_trading - INFO - 📥 正在抓取 Russell 2000 Growth 持股...
2026-01-27 09:45:32,744 - quant_trading - INFO - 📥 正在抓取 S&P MidCap 400 Growth 持股...
2026-01-27 09:45:33,668 - quant_trading - INFO - 📥 正在抓取 ARK Innovation (ARKK) 持股...
2026-01-27 09:45:34,438 - quant_trading - INFO - ✅ 美股清單綜合取得成功: 共 1025 檔關鍵成長標的
2026-01-27 09:45:34,494 - quant_trading - INFO - 🔍 分析開始：全市場 1025 檔 + 已購庫存 5 檔 + 觀察中 14 檔
2026-01-27 09:46:30,796 - quant_trading - INFO - ✅ US 掃描完成！買進:1 | 庫存賣出:1 | 觀察賣出:2
2026-01-27 14:30:00,225 - quant_trading - INFO - ⏰ 開始掃描 TW 市場...
2026-01-27 14:30:00,280 - quant_trading - INFO - 📥 正在抓取台股清單...
2026-01-27 14:30:00,295 - quant_trading - INFO -    - 正在抓取上市股票...
2026-01-27 14:30:11,454 - quant_trading - INFO -    - 正在抓取上櫃股票...
2026-01-27 14:30:14,333 - quant_trading - INFO - ✅ 台股清單取得成功: 共 1953 檔
2026-01-27 14:30:14,348 - quant_trading - INFO - 🔍 分析開始：全市場 1953 檔 + 已購庫存 2 檔 + 觀察中 50 檔
2026-01-27 14:31:01,232 - quant_trading - INFO - ✅ TW 掃描完成！買進:14 | 庫存賣出:0 | 觀察賣出:3
2026-01-27 16:40:55,535 - quant_trading - INFO - 👋 正在關閉 Trading System...
