
--- Batch Logged at 2026-01-18 22:55:28 ---
[SerpApi-Facebook] [TechnicalCo-founder] Medigize is seeking a Technical Co ... (https://www.facebook.com/groups/nodejs.egypt/posts/24906523955709608/)

--- Batch Logged at 2026-01-18 22:55:37 ---
[SerpApi-Linkedin] [徵求技術夥伴] Yu Chen L. - APAC Talent Acquisition Partner (https://tw.linkedin.com/in/vina-li)
[SerpApi-Linkedin] [徵求技術夥伴] 黄柯南- 🌐 管理顧問| AI 創業者| 策略與數據專家我是一位擁有 ... (https://sg.linkedin.com/in/conanng/zh-tw)
[SerpApi-Linkedin] [徵求技術夥伴] Alyssa Chen - Human Resources Business Partner 位於 ... (https://tw.linkedin.com/in/alyssa-chen-a18963199)
[SerpApi-Linkedin] [徵求技術夥伴] CHIAO-WEI（Kyo） CHEN - 首席招募顧問暨獵才主任 ... (https://tw.linkedin.com/in/kyo-chen)
[SerpApi-Linkedin] [徵求技術夥伴] 駱宏俊- ex-Microsoft | 亞太區合作伙伴業務發展| 雲科技 (https://tw.linkedin.com/in/wang-chun-lok-73512b34/zh-tw)

--- Batch Logged at 2026-01-18 22:55:46 ---
[SerpApi-Reddit] [SaaSCo-founder] SaaS co-founder at a crossroads – Retire with modest ... (https://www.reddit.com/r/ChubbyFIRE/comments/1jw4hz6/saas_cofounder_at_a_crossroads_retire_with_modest/)
[SerpApi-Reddit] [SaaSCo-founder] 50 year old SaaS co-founder and feeling old as f*ck. (https://www.reddit.com/r/SaaS/comments/1k8k3e1/50_year_old_saas_cofounder_and_feeling_old_as_fck/)
[SerpApi-Reddit] [SaaSCo-founder] Progress as a Saas co-founder : r/VibeCodersNest (https://www.reddit.com/r/VibeCodersNest/comments/1palkl7/progress_as_a_saas_cofounder/)
[SerpApi-Reddit] [SaaSCo-founder] Looking for a SaaS Co-Founder – You've Built the Product, ... (https://www.reddit.com/r/cofounderhunt/comments/1mwreom/looking_for_a_saas_cofounder_youve_built_the/)
[SerpApi-Reddit] [SaaSCo-founder] Progress as a Saas co-founder : r/SaaS (https://www.reddit.com/r/SaaS/comments/1p8znen/progress_as_a_saas_cofounder/)

--- Batch Logged at 2026-01-18 22:55:55 ---
[SerpApi-Threads] [軟體開發創業] AICoding · 861K threads (https://www.threads.net/tag/AICoding)

--- Batch Logged at 2026-01-18 22:56:05 ---
[SerpApi-Threads] [SoftwareCo-founder] Peter Kim (@peterkimdata) (https://www.threads.net/@peterkimdata)
[SerpApi-Threads] [SoftwareCo-founder] Christopher Moyé (@chrismoye.esq) (https://www.threads.net/@chrismoye.esq)
[SerpApi-Threads] [SoftwareCo-founder] looking for designers who have a hybrid role with some PM ... (https://www.threads.net/@cemre/post/DEfQbn-Im4y)
[SerpApi-Threads] [SoftwareCo-founder] Evgeny Nikitin (@kcajih) (https://www.threads.net/@kcajih)

--- Batch Logged at 2026-01-18 22:56:11 ---
[SerpApi-Instagram] [StartupPartner] The Line We Believe In “Startups don't need more advice. ... (https://www.instagram.com/p/DTj0smRjpYR/)
[SerpApi-Instagram] [StartupPartner] We are proud to have 𝗦𝘁𝗮𝗿𝘁𝘂𝗽 𝗨𝘁𝘁𝗮𝗿𝗮𝗸𝗵𝗮𝗻𝗱 as ... (https://www.instagram.com/p/C00qdB9Svto/)
[SerpApi-Instagram] [StartupPartner] Proud to welcome ConsultME as our Startup Partner for ... (https://www.instagram.com/p/DS9vtymDf-7/)
[SerpApi-Instagram] [StartupPartner] We developed PharosIQ, a SaaS app that analyzes ... (https://www.instagram.com/p/DQ6Xf-QCKxS/)

--- Batch Logged at 2026-01-18 22:56:21 ---
[SerpApi-Reddit] [TechnicalCo-founder] The Top Reason You Can't Find a Technical Co-Founder (https://www.reddit.com/r/startups/comments/1gzn4mv/the_top_reason_you_cant_find_a_technical_cofounder/)
[SerpApi-Reddit] [TechnicalCo-founder] What technical knowledge does a technical co founder ... (https://www.reddit.com/r/startups/comments/1dzcue0/what_technical_knowledge_does_a_technical_co/)
[SerpApi-Reddit] [TechnicalCo-founder] The biggest lie in 2025 is thinking you need a "technical co ... (https://www.reddit.com/r/EntrepreneurRideAlong/comments/1p77trc/the_biggest_lie_in_2025_is_thinking_you_need_a/)
[SerpApi-Reddit] [TechnicalCo-founder] How important are technical co-founders (I will not promote ) (https://www.reddit.com/r/startups/comments/1m959ow/how_important_are_technical_cofounders_i_will_not/)
[SerpApi-Reddit] [TechnicalCo-founder] Identifying a good technical co founder : r/ycombinator (https://www.reddit.com/r/ycombinator/comments/1eb2uu0/identifying_a_good_technical_co_founder/)

--- Batch Logged at 2026-01-18 22:56:27 ---
[SerpApi-Threads] [尋找CTO] 最近我們提供一個外包CTO的服務， ... (https://www.threads.net/@makarovehong/post/DIxHn5ES7ae/%E6%9C%80%E8%BF%91%E6%88%91%E5%80%91%E6%8F%90%E4%BE%9B%E4%B8%80%E5%80%8B%E5%A4%96%E5%8C%85cto%E7%9A%84%E6%9C%8D%E5%8B%991%E8%88%87%E5%AE%A2%E6%88%B6%E5%BE%9Emvp%E5%88%B0product%E5%88%B0%E4%B8%80%E8%B5%B7%E8%BF%AD%E4%BB%A32%E7%94%A8%E6%95%B8%E6%93%9A%E5%88%86%E6%9E%90%E5%AE%A2%E6%88%B6%E5%93%AA%E4%BA%9B%E9%9C%80%E6%B1%82%E6%89%8D%E6%98%AF%E7%9C%9F%E7%9A%843%E7%9C%8B%E5%88%B0%E5%B8%82%E5%A0%B4%E6%A9%9F%E6%9C%83%E7%AC%AC%E4%B8%80%E5%80%8B%E5%88%86%E4%BA%AB%E6%8F%90%E5%BB%BA%E8%AD%B04%E6%B2%92%E4%BA%8B%E6%9C%83%E8%87%AA%E5%B7%B1%E4%BF%AE%E4%B8%80%E4%BA%9B%E6%8A%80%E8%A1%93%E5%82%B5)
[SerpApi-Threads] [尋找CTO] 以下幾點是非技術背景創業者找技術夥伴常見的問題 ... (https://www.threads.net/@maxst_note/post/DBJig-eSjlW)
[SerpApi-Threads] [尋找CTO] 新創團隊如何找技術夥伴？ (https://www.threads.net/@maxst_note/post/DBJigeJP7m1)
[SerpApi-Threads] [尋找CTO] 實力高超的軟體工程師通常會有哪些表現？ (https://www.threads.net/@eric80522/post/C-3GjIzTuSr/%E4%B8%8D%E6%87%82%E5%B0%B1%E5%95%8F%E8%BA%AB%E7%82%BA%E4%B8%80%E4%BD%8D%E9%9D%9E%E6%8A%80%E8%A1%93%E5%9E%8B%E7%9A%84%E5%89%B5%E6%A5%AD%E8%80%85%E5%AF%A6%E5%8A%9B%E9%AB%98%E8%B6%85%E7%9A%84%E8%BB%9F%E9%AB%94%E5%B7%A5%E7%A8%8B%E5%B8%AB%E9%80%9A%E5%B8%B8%E6%9C%83%E6%9C%89%E5%93%AA%E4%BA%9B%E8%A1%A8%E7%8F%BE-%E6%88%91%E7%9B%AE%E5%89%8D%E5%9C%A8%E6%8B%9B%E5%8B%9F%E8%B3%87%E6%B7%B1%E8%BB%9F%E9%AB%94%E5%B7%A5%E7%A8%8B%E5%B8%AB%E6%88%90%E7%82%BA%E6%8A%80%E8%A1%93%E5%90%88%E5%A4%A5%E4%BA%BA%E6%83%B3%E5%A4%9A%E4%BA%86%E8%A7%A3%E7%A4%BE%E7%BE%A4%E4%B8%8A%E5%B7%A5%E7%A8%8B%E5%B8%AB%E5%80%91%E7%9A%84%E5%BB%BA%E8%AD%B0-%E6%88%91%E8%88%87%E5%B9%BE%E4%BD%8D%E6%BD%9B%E5%9C%A8%E9%9D%A2%E8%A9%A6%E8%80%85%E7%9A%84)
[SerpApi-Threads] [尋找CTO] Oracle 最終不會需要輸入密碼才能登入。因為當人記不住越 ... (https://www.threads.net/@poliecon/post/DAgRbQbyyQQ)

--- Batch Logged at 2026-01-18 22:56:34 ---
[SerpApi-Threads] [SaaSCo-founder] One Umbrella Sports JM president and CEO Mr Dixon ... (https://www.threads.net/@oneumbrellasportsjm/post/DGA9V6LxtNI)
[SerpApi-Threads] [SaaSCo-founder] Atakan Eser (https://www.threads.net/@atakane)
[SerpApi-Threads] [SaaSCo-founder] Melissa Pegus (@melissapegus) (https://www.threads.net/@melissapegus)
[SerpApi-Threads] [SaaSCo-founder] Marketing & Communications（@pinebizz） (https://www.threads.net/@pinebizz?hl=zh-tw)

--- Batch Logged at 2026-01-18 22:56:40 ---
[SerpApi-Linkedin] [SideProject夥伴] Tyler Lin - 英特拉金融科技有限公司 (https://tw.linkedin.com/in/tyler-lin-1799a8257)
[SerpApi-Linkedin] [SideProject夥伴] Alice Chen - Coupang Corporate Recruiter | We're hiring 🚀 (https://tw.linkedin.com/in/alice-chen-226b541b7)
[SerpApi-Linkedin] [SideProject夥伴] Yi-Xuan Lin - AI Project Manager (BPA) | ex-Sr. Technical ... (https://tw.linkedin.com/in/yixuantop)
[SerpApi-Linkedin] [SideProject夥伴] YunLin Xie - Backend Engineer (https://tw.linkedin.com/in/yunlin-xie-705026248)
[SerpApi-Linkedin] [SideProject夥伴] Vivian (Yuhsuan) Chen - Global Creator Economy (https://tw.linkedin.com/in/vivian-chen429)

--- Batch Logged at 2026-01-18 22:56:50 ---
[SerpApi-Linkedin] [SoftwareCo-founder] Richard Noll - Owner, software co. (https://www.linkedin.com/in/richard-noll-24281912)
[SerpApi-Linkedin] [SoftwareCo-founder] Adam Luck - Owner, That! Software Co. (https://au.linkedin.com/in/adam-luck-27b0b45)
[SerpApi-Linkedin] [SoftwareCo-founder] haitao yang - Director at Founder Software Co., Ltd (https://cn.linkedin.com/in/haitao-yang-20a00822)
[SerpApi-Linkedin] [SoftwareCo-founder] Li Xiaoyang - Founder Software Co., Ltd (https://cn.linkedin.com/in/li-xiaoyang-9189b086)
[SerpApi-Linkedin] [SoftwareCo-founder] Hui-Lung Huang - Growth Hacker (https://www.linkedin.com/in/hui-lung-huang-65b66750/)

--- Batch Logged at 2026-01-18 22:56:57 ---
[SerpApi-Threads] [TechnicalCo-founder] 如果要成為自己是技術公司，領導者最好要懂技術。 (https://www.threads.net/@kordan.ou/post/DAODEuOT8Yq)
[SerpApi-Threads] [TechnicalCo-founder] 實力高超的軟體工程師通常會有哪些表現？ (https://www.threads.net/@eric80522/post/C-3GjIzTuSr/%E4%B8%8D%E6%87%82%E5%B0%B1%E5%95%8F%E8%BA%AB%E7%82%BA%E4%B8%80%E4%BD%8D%E9%9D%9E%E6%8A%80%E8%A1%93%E5%9E%8B%E7%9A%84%E5%89%B5%E6%A5%AD%E8%80%85%E5%AF%A6%E5%8A%9B%E9%AB%98%E8%B6%85%E7%9A%84%E8%BB%9F%E9%AB%94%E5%B7%A5%E7%A8%8B%E5%B8%AB%E9%80%9A%E5%B8%B8%E6%9C%83%E6%9C%89%E5%93%AA%E4%BA%9B%E8%A1%A8%E7%8F%BE-%E6%88%91%E7%9B%AE%E5%89%8D%E5%9C%A8%E6%8B%9B%E5%8B%9F%E8%B3%87%E6%B7%B1%E8%BB%9F%E9%AB%94%E5%B7%A5%E7%A8%8B%E5%B8%AB%E6%88%90%E7%82%BA%E6%8A%80%E8%A1%93%E5%90%88%E5%A4%A5%E4%BA%BA%E6%83%B3%E5%A4%9A%E4%BA%86%E8%A7%A3%E7%A4%BE%E7%BE%A4%E4%B8%8A%E5%B7%A5%E7%A8%8B%E5%B8%AB%E5%80%91%E7%9A%84%E5%BB%BA%E8%AD%B0-%E6%88%91%E8%88%87%E5%B9%BE%E4%BD%8D%E6%BD%9B%E5%9C%A8%E9%9D%A2%E8%A9%A6%E8%80%85%E7%9A%84)
[SerpApi-Threads] [TechnicalCo-founder] Kevin McMurphy (@kevinmcmurphy) (https://www.threads.net/@kevinmcmurphy)
[SerpApi-Threads] [TechnicalCo-founder] Muhammad Waheed (@muhammadwaheedairi) (https://www.threads.net/@muhammadwaheedairi)
[SerpApi-Threads] [TechnicalCo-founder] Mo (@mo.barachi) (https://www.threads.net/@mo.barachi)

--- Batch Logged at 2026-01-18 22:57:07 ---
[SerpApi-Web] [StartupPartner] 從植物來看見自己生命的美。 宣瑄分享，每個人 ... (https://www.facebook.com/yeelandyouthpower/posts/%E5%89%B5%E6%A5%AD%E5%A4%A5%E4%BC%B4startuppartner%E8%81%B7%E4%BA%BA%E8%81%9A-squarehouse%E6%96%B9%E5%A1%8A%E5%B1%8B-%E5%86%A0%E8%BB%8D%E5%B0%88%E8%A8%AAchens-lab%E4%B8%8D%E5%87%8B%E8%8A%B1%E5%AF%A6%E9%A9%97%E5%AE%A4%E7%94%9F%E5%91%BD%E4%B8%AD%E9%9B%A3%E5%85%8D%E5%8B%95%E7%9B%AA%E8%AE%93%E8%8A%B1%E8%8A%B1%E8%8D%89%E8%8D%89%E4%BE%86%E6%92%AB%E6%85%B0%E4%BD%A0%E7%9A%84%E5%BF%83%E9%9D%88%E5%90%A7%E5%AE%9C%E8%98%AD%E9%9D%92%E5%B9%B4/2880382578877397/)
[SerpApi-Web] [StartupPartner] #創業夥伴StartupPartner #職人聚#SquareHouse方塊屋#冠軍 ... (https://www.facebook.com/yeelandyouthpower/videos/%E6%96%B9%E5%A1%8A%E5%B1%8B%E5%86%A0%E8%BB%8D%E5%B0%88%E8%A8%AAchens-lab%E4%B8%8D%E5%87%8B%E8%8A%B1%E5%AF%A6%E9%A9%97%E5%AE%A4/823823695234992/)
[SerpApi-Web] [StartupPartner] https://startuppartner.com/ (https://startuppartner.com/)
[SerpApi-Web] [StartupPartner] STARTUPPARTNER.COM (@start_uppartner) (https://www.instagram.com/start_uppartner/)
[SerpApi-Web] [StartupPartner] startuppartner (https://www.youtube.com/hashtag/startuppartner)

--- Batch Logged at 2026-01-18 22:57:16 ---
[SerpApi-Threads] [SideProject夥伴] 【尋找Side project夥伴】 決定還是認真找夥伴😂 主題 (https://www.threads.net/@alans_uiuxdesign/post/DBMTlPBTQ3D)
[SerpApi-Threads] [SideProject夥伴] Side project 找人合作好像開始有點歪風，個人認為這種動態 ... (https://www.threads.net/@maylogger_designer/post/DCtu4HuTB5t/side-project-%E6%89%BE%E4%BA%BA%E5%90%88%E4%BD%9C%E5%A5%BD%E5%83%8F%E9%96%8B%E5%A7%8B%E6%9C%89%E9%BB%9E%E6%AD%AA%E9%A2%A8%E5%80%8B%E4%BA%BA%E8%AA%8D%E7%82%BA%E9%80%99%E7%A8%AE%E5%8B%95%E6%85%8B%E7%9A%84%E5%90%88%E4%BD%9C%E6%87%89%E8%A9%B2%E6%98%AF%E4%B8%BB%E6%89%93%E6%9C%89%E5%85%B1%E5%90%8C%E8%88%88%E8%B6%A3%E4%B8%94%E5%85%B1%E5%90%8C%E9%80%B2%E6%AD%A5%E4%B8%8D%E6%87%89%E8%A9%B2%E6%9C%89%E5%A4%AA%E9%AB%98%E6%88%96%E5%A4%AA%E7%B2%BE%E6%BA%96%E7%9A%84%E6%A2%9D%E4%BB%B6%E8%88%87%E6%99%82%E9%96%93%E5%A3%93%E5%8A%9B%E7%B5%90%E6%9E%9C%E7%9C%8B%E5%88%B0%E4%B8%80%E5%A0%86-side)
[SerpApi-Threads] [SideProject夥伴] 終於文組人也踏進了接案人生 (https://www.threads.net/@reset_pmlife/post/DCvpStnySnV)
[SerpApi-Threads] [SideProject夥伴] 自由接案者有在放假嗎？嗚嗚真的 ... (https://www.threads.net/@reset_pmlife/post/DHgLiA-gpqh)
[SerpApi-Threads] [SideProject夥伴] [Side Project 招募] iOS 開發夥伴募集！一起打造日本二手 ... (https://www.threads.net/@ameliesays/post/DGQf3ojvhCt)

--- Batch Logged at 2026-01-18 22:57:25 ---
[SerpApi-Web] [SoftwareCo-founder] A behind the scenes look at what it takes to get funding ... (https://www.softwareco.com/a-behind-the-scenes-look-at-what-it-takes-to-get-funding-from-one-of-the-worlds-biggest-investors/)
[SerpApi-Web] [SoftwareCo-founder] Richard Noll - Owner, software co. (https://www.linkedin.com/in/richard-noll-24281912)
[SerpApi-Web] [SoftwareCo-founder] haitao yang - Director at Founder Software Co., Ltd (https://cn.linkedin.com/in/haitao-yang-20a00822)
[SerpApi-Web] [SoftwareCo-founder] SoftCo Team (https://softco.com/softco-team/)
