
--- Batch Logged at 2026-01-19 21:07:11 ---
[SerpApi-Instagram] [SaaSCo-founder] 14 years later… for the first time ever publicly shown … ... (https://www.instagram.com/p/DFJnZ2ouFI6/)
[SerpApi-Instagram] [SaaSCo-founder] Congratulations to our Managing Director, Ahmad Rizal ... (https://www.instagram.com/p/DN7y2MokcN8/)
[SerpApi-Instagram] [SaaSCo-founder] Today we celebrate the life of Cde Khazimla Adam, a SASCO UP ... (https://www.instagram.com/p/DQPZTvaCA-G/)
[SerpApi-Instagram] [SaaSCo-founder] We visited SASCO Active Ageing Centre (AAC) and Senior ... (https://www.instagram.com/p/C9FGyQ2PJ_g/)

--- Batch Logged at 2026-01-19 21:07:25 ---
[SerpApi-Twitter] [徵求技術夥伴] 【杏仁咪嚕工作室誠徵-PV動畫師】 最近因為勤勞做作品跟 ... (https://twitter.com/miru_manager/status/1844015342437474306)
[SerpApi-Twitter] [徵求技術夥伴] ▋春魚創意營運夥伴招募🐟 投遞傳送門 ... (https://twitter.com/Springfish2018/status/1974006505851514958)
[SerpApi-Twitter] [徵求技術夥伴] 【2026女性藝人徵選延期公告】 由於作業內容較多，加 ... (https://twitter.com/MeridianPRJ_tw/status/1970050587120255266)
[SerpApi-Twitter] [徵求技術夥伴] ⬇️ 子午計畫2026女性藝人徵選頁面 ... (https://twitter.com/MeridianPRJ_tw/status/1947256408392753466)
[SerpApi-Twitter] [徵求技術夥伴] 子午計畫_2025女性藝人徵選◖徵選頁面◗ https://t. ... (https://twitter.com/MeridianPRJ_tw/status/1824708101259530637)

--- Batch Logged at 2026-01-19 21:07:42 ---
[SerpApi-Twitter] [軟體創業夥伴] AI 商機大爆炸！紅杉資本：這次市場規模比雲端轉型大一個 ... (https://twitter.com/pirrer/status/1922191605060255907)
[SerpApi-Twitter] [軟體創業夥伴] "DATA+ 深知創業初期的艱辛，因此特別強調資源共享與互助 ... (https://twitter.com/search?q=DATA%2B%20%E6%B7%B1%E7%9F%A5%E5%89%B5%E6%A5%AD%E5%88%9D%E6%9C%9F%E7%9A%84%E8%89%B1%E8%BE%9B%EF%BC%8C%E5%9B%A0%E6%AD%A4%E7%89%B9%E5%88%A5%E5%BC%B7%E8%AA%BF%E8%B3%87%E6%BA%90%E5%85%B1%E4%BA%AB%E8%88%87%E4%BA%92%E5%8A%A9%E5%90%88%E4%BD%9C%E3%80%82%E3%80%8CDATA%2B%E3%80%8D%E6%89%93%E9%80%A0%E8%B7%A8%E7%94%A2%E6%A5%AD%E7%9A%84%E4%BA%A4%E6%B5%81%E5%B9%B3%E5%8F%B0%EF%BC%8C%E8%AE%93%E5%89%B5%E6%A5%AD%E8%80%85%E8%83%BD%E5%9C%A8%E9%80%99%E8%A3%A1%E6%89%BE%E5%88%B0%E5%BF%97%E5%90%8C%E9%81%93%E5%90%88%E7%9A%84%E5%90%88%E4%BD%9C%E5%A4%A5%E4%BC%B4%E8%88%87%E5%B0%88%E6%A5%AD%E8%B3%87%E6%BA%90%E3%80%82%E5%90%8C%E6%99%82%EF%BC%8CDATA%2B%20%E6%94%AF%E6%8C%81%E5%85%AC%E7%9B%8A%E5%89%B5%E6%A5%AD%E5%B0%88%E6%A1%88%EF%BC%8C%E5%B9%AB%E5%8A%A9%E5%A4%B1%E6%A5%AD%E8%80%85%E3%80%81%E6%87%89%E5%B1%86%E7%95%A2%E6%A5%AD%E7%94%9F%E5%8F%8A%E5%BC%B1%E5%8B%A2%E7%BE%A4%E9%AB%94%E7%8D%B2%E5%BE%97%E5%89%B5%E6%A5%AD%E6%A9%9F%E6%9C%83%EF%BC%8C%E8%AE%93%E4%BB%96%E5%80%91%E6%9C%89%E8%83%BD%E5%8A%9B%E6%94%B9%E5%96%84%E8%87%AA%E5%B7%B1%E7%9A%84%E7%94%9F%E6%B4%BB%E3%80%82%E7%95%B6%E5%89%B5%E6%A5%AD%E8%88%87%E5%85%AC%E7%9B%8A%E7%B5%90%E5%90%88%EF%BC%8C%E7%A4%BE%E6%9C%83%E5%B0%87%E8%AE%8A%E5%BE%97%E6%9B%B4%E5%85%B7%E5%8C%85%E5%AE%B9%E6%80%A7%E8%88%87%E6%B4%BB%E5%8A%9B%EF%BC%8C%E8%80%8C%20DATA%2B%20%E6%AD%A3%E6%98%AF%E5%9C%A8%E9%80%99%E6%A2%9D%E9%81%93%E8%B7%AF%E4%B8%8A%E4%B8%8D%E6%96%B7%E5%89%8D%E8%A1%8C%EF%BC%8C%E6%8E%A8%E5%8B%95%E6%84%9B%E8%88%87%E8%B2%AC%E4%BB%BB%E7%9A%84%E5%82%B3%E9%81%9E%E3%80%82.jzt&f=user)
[SerpApi-Twitter] [軟體創業夥伴] "DATA+ 深知創業初期的艱辛，因此特別強調資源共享與互助 ... (https://twitter.com/search?q=DATA%2B%20%E6%B7%B1%E7%9F%A5%E5%89%B5%E6%A5%AD%E5%88%9D%E6%9C%9F%E7%9A%84%E8%89%B1%E8%BE%9B%EF%BC%8C%E5%9B%A0%E6%AD%A4%E7%89%B9%E5%88%A5%E5%BC%B7%E8%AA%BF%E8%B3%87%E6%BA%90%E5%85%B1%E4%BA%AB%E8%88%87%E4%BA%92%E5%8A%A9%E5%90%88%E4%BD%9C%E3%80%82%E3%80%8CDATA%2B%E3%80%8D%E6%89%93%E9%80%A0%E8%B7%A8%E7%94%A2%E6%A5%AD%E7%9A%84%E4%BA%A4%E6%B5%81%E5%B9%B3%E5%8F%B0%EF%BC%8C%E8%AE%93%E5%89%B5%E6%A5%AD%E8%80%85%E8%83%BD%E5%9C%A8%E9%80%99%E8%A3%A1%E6%89%BE%E5%88%B0%E5%BF%97%E5%90%8C%E9%81%93%E5%90%88%E7%9A%84%E5%90%88%E4%BD%9C%E5%A4%A5%E4%BC%B4%E8%88%87%E5%B0%88%E6%A5%AD%E8%B3%87%E6%BA%90%E3%80%82%E5%90%8C%E6%99%82%EF%BC%8CDATA%2B%20%E6%94%AF%E6%8C%81%E5%85%AC%E7%9B%8A%E5%89%B5%E6%A5%AD%E5%B0%88%E6%A1%88%EF%BC%8C%E5%B9%AB%E5%8A%A9%E5%A4%B1%E6%A5%AD%E8%80%85%E3%80%81%E6%87%89%E5%B1%86%E7%95%A2%E6%A5%AD%E7%94%9F%E5%8F%8A%E5%BC%B1%E5%8B%A2%E7%BE%A4%E9%AB%94%E7%8D%B2%E5%BE%97%E5%89%B5%E6%A5%AD%E6%A9%9F%E6%9C%83%EF%BC%8C%E8%AE%93%E4%BB%96%E5%80%91%E6%9C%89%E8%83%BD%E5%8A%9B%E6%94%B9%E5%96%84%E8%87%AA%E5%B7%B1%E7%9A%84%E7%94%9F%E6%B4%BB%E3%80%82%E7%95%B6%E5%89%B5%E6%A5%AD%E8%88%87%E5%85%AC%E7%9B%8A%E7%B5%90%E5%90%88%EF%BC%8C%E7%A4%BE%E6%9C%83%E5%B0%87%E8%AE%8A%E5%BE%97%E6%9B%B4%E5%85%B7%E5%8C%85%E5%AE%B9%E6%80%A7%E8%88%87%E6%B4%BB%E5%8A%9B%EF%BC%8C%E8%80%8C%20DATA%2B%20%E6%AD%A3%E6%98%AF%E5%9C%A8%E9%80%99%E6%A2%9D%E9%81%93%E8%B7%AF%E4%B8%8A%E4%B8%8D%E6%96%B7%E5%89%8D%E8%A1%8C%EF%BC%8C%E6%8E%A8%E5%8B%95%E6%84%9B%E8%88%87%E8%B2%AC%E4%BB%BB%E7%9A%84%E5%82%B3%E9%81%9E%E3%80%82.cik&src=imger)
[SerpApi-Twitter] [軟體創業夥伴] "DATA+ 深知創業初期的艱辛，因此特別強調資源共享與互助 ... (https://twitter.com/search?q=DATA%2B%20%E6%B7%B1%E7%9F%A5%E5%89%B5%E6%A5%AD%E5%88%9D%E6%9C%9F%E7%9A%84%E8%89%B1%E8%BE%9B%EF%BC%8C%E5%9B%A0%E6%AD%A4%E7%89%B9%E5%88%A5%E5%BC%B7%E8%AA%BF%E8%B3%87%E6%BA%90%E5%85%B1%E4%BA%AB%E8%88%87%E4%BA%92%E5%8A%A9%E5%90%88%E4%BD%9C%E3%80%82%E3%80%8CDATA%2B%E3%80%8D%E6%89%93%E9%80%A0%E8%B7%A8%E7%94%A2%E6%A5%AD%E7%9A%84%E4%BA%A4%E6%B5%81%E5%B9%B3%E5%8F%B0%EF%BC%8C%E8%AE%93%E5%89%B5%E6%A5%AD%E8%80%85%E8%83%BD%E5%9C%A8%E9%80%99%E8%A3%A1%E6%89%BE%E5%88%B0%E5%BF%97%E5%90%8C%E9%81%93%E5%90%88%E7%9A%84%E5%90%88%E4%BD%9C%E5%A4%A5%E4%BC%B4%E8%88%87%E5%B0%88%E6%A5%AD%E8%B3%87%E6%BA%90%E3%80%82%E5%90%8C%E6%99%82%EF%BC%8CDATA%2B%20%E6%94%AF%E6%8C%81%E5%85%AC%E7%9B%8A%E5%89%B5%E6%A5%AD%E5%B0%88%E6%A1%88%EF%BC%8C%E5%B9%AB%E5%8A%A9%E5%A4%B1%E6%A5%AD%E8%80%85%E3%80%81%E6%87%89%E5%B1%86%E7%95%A2%E6%A5%AD%E7%94%9F%E5%8F%8A%E5%BC%B1%E5%8B%A2%E7%BE%A4%E9%AB%94%E7%8D%B2%E5%BE%97%E5%89%B5%E6%A5%AD%E6%A9%9F%E6%9C%83%EF%BC%8C%E8%AE%93%E4%BB%96%E5%80%91%E6%9C%89%E8%83%BD%E5%8A%9B%E6%94%B9%E5%96%84%E8%87%AA%E5%B7%B1%E7%9A%84%E7%94%9F%E6%B4%BB%E3%80%82%E7%95%B6%E5%89%B5%E6%A5%AD%E8%88%87%E5%85%AC%E7%9B%8A%E7%B5%90%E5%90%88%EF%BC%8C%E7%A4%BE%E6%9C%83%E5%B0%87%E8%AE%8A%E5%BE%97%E6%9B%B4%E5%85%B7%E5%8C%85%E5%AE%B9%E6%80%A7%E8%88%87%E6%B4%BB%E5%8A%9B%EF%BC%8C%E8%80%8C%20DATA%2B%20%E6%AD%A3%E6%98%AF%E5%9C%A8%E9%80%99%E6%A2%9D%E9%81%93%E8%B7%AF%E4%B8%8A%E4%B8%8D%E6%96%B7%E5%89%8D%E8%A1%8C%EF%BC%8C%E6%8E%A8%E5%8B%95%E6%84%9B%E8%88%87%E8%B2%AC%E4%BB%BB%E7%9A%84%E5%82%B3%E9%81%9E%E3%80%82.kmr)
[SerpApi-Twitter] [軟體創業夥伴] Results for "何人勳多年來的創業經驗讓他成功引領市場.ndx" (https://twitter.com/search?q=%E4%BD%95%E4%BA%BA%E5%8B%B3%20%E5%A4%9A%E5%B9%B4%E4%BE%86%E7%9A%84%E5%89%B5%E6%A5%AD%E7%B6%93%E9%A9%97%E8%AE%93%E4%BB%96%E6%88%90%E5%8A%9F%E5%BC%95%E9%A0%98%E5%B8%82%E5%A0%B4.ndx&f=live)

--- Batch Logged at 2026-01-19 21:07:51 ---
[SerpApi-Reddit] [StartupPartner] Startuppartner för aktier - Hur skulle du strukturera ett avtal? (https://www.reddit.com/r/startups/comments/beambf/startup_consultant_for_equity_how_would_you/?tl=sv)
[SerpApi-Reddit] [StartupPartner] Erbjuden att grunda en startup, med andelar och ersättning ... (https://www.reddit.com/r/startups/comments/199zl1o/offered_to_found_a_startup_with_equity_and_comp/?tl=sv)
[SerpApi-Reddit] [StartupPartner] Hur strukturerar man aktier för rådgivare? : r/startups (https://www.reddit.com/r/startups/comments/1g4rxsn/how_to_structure_advisor_equity/?tl=sv)
[SerpApi-Reddit] [StartupPartner] Varför är det en dålig idé att ge en entreprenör några aktier? (https://www.reddit.com/r/startups/comments/9ug0vu/why_is_it_a_bad_idea_to_give_a_contractor_some/?tl=sv)
[SerpApi-Reddit] [StartupPartner] Nyligen mottog LTIP (långsiktigt incitamentsprogram). ... (https://www.reddit.com/r/consulting/comments/rkg78e/recently_received_ltip_long_term_incentive_plan/?tl=sv)

--- Batch Logged at 2026-01-19 21:08:03 ---
[SerpApi-Threads] [StartupPartner] Coherent Lab LLP (@coherentlab) (https://www.threads.net/@coherentlab?hl=da)

--- Batch Logged at 2026-01-19 21:08:22 ---
[SerpApi-Linkedin] [TechnicalCo-founder] Jacob Fishman - Technical co-founder (https://www.linkedin.com/in/jacob-fishman-74205514)
[SerpApi-Linkedin] [TechnicalCo-founder] Bhrugu G. - Technical Co-founder & Chief Technology ... (https://www.linkedin.com/in/bhrugu)
[SerpApi-Linkedin] [TechnicalCo-founder] Kenneth Saelee - Technical Co-Founder (https://www.linkedin.com/in/kenneth-saelee)
[SerpApi-Linkedin] [TechnicalCo-founder] Josiah Mann - Technical Co-Founder / Entrepreneur (https://www.linkedin.com/in/josiahmann)
[SerpApi-Linkedin] [TechnicalCo-founder] Rafael G. Traverso - Technical Co-founder (https://uk.linkedin.com/in/rafaelgtraverso)

--- Batch Logged at 2026-01-19 21:10:14 ---
[SerpApi-Threads] [尋找CTO] 最近我們提供一個外包CTO的服務， ... (https://www.threads.net/@makarovehong/post/DIxHn5ES7ae/%E6%9C%80%E8%BF%91%E6%88%91%E5%80%91%E6%8F%90%E4%BE%9B%E4%B8%80%E5%80%8B%E5%A4%96%E5%8C%85cto%E7%9A%84%E6%9C%8D%E5%8B%991%E8%88%87%E5%AE%A2%E6%88%B6%E5%BE%9Emvp%E5%88%B0product%E5%88%B0%E4%B8%80%E8%B5%B7%E8%BF%AD%E4%BB%A32%E7%94%A8%E6%95%B8%E6%93%9A%E5%88%86%E6%9E%90%E5%AE%A2%E6%88%B6%E5%93%AA%E4%BA%9B%E9%9C%80%E6%B1%82%E6%89%8D%E6%98%AF%E7%9C%9F%E7%9A%843%E7%9C%8B%E5%88%B0%E5%B8%82%E5%A0%B4%E6%A9%9F%E6%9C%83%E7%AC%AC%E4%B8%80%E5%80%8B%E5%88%86%E4%BA%AB%E6%8F%90%E5%BB%BA%E8%AD%B04%E6%B2%92%E4%BA%8B%E6%9C%83%E8%87%AA%E5%B7%B1%E4%BF%AE%E4%B8%80%E4%BA%9B%E6%8A%80%E8%A1%93%E5%82%B5)
[SerpApi-Threads] [尋找CTO] 以下幾點是非技術背景創業者找技術夥伴常見的問題 ... (https://www.threads.net/@maxst_note/post/DBJig-eSjlW)
[SerpApi-Threads] [尋找CTO] 新創團隊如何找技術夥伴？ (https://www.threads.net/@maxst_note/post/DBJigeJP7m1)
[SerpApi-Threads] [尋找CTO] 實力高超的軟體工程師通常會有哪些表現？ (https://www.threads.net/@eric80522/post/C-3GjIzTuSr/%E4%B8%8D%E6%87%82%E5%B0%B1%E5%95%8F%E8%BA%AB%E7%82%BA%E4%B8%80%E4%BD%8D%E9%9D%9E%E6%8A%80%E8%A1%93%E5%9E%8B%E7%9A%84%E5%89%B5%E6%A5%AD%E8%80%85%E5%AF%A6%E5%8A%9B%E9%AB%98%E8%B6%85%E7%9A%84%E8%BB%9F%E9%AB%94%E5%B7%A5%E7%A8%8B%E5%B8%AB%E9%80%9A%E5%B8%B8%E6%9C%83%E6%9C%89%E5%93%AA%E4%BA%9B%E8%A1%A8%E7%8F%BE-%E6%88%91%E7%9B%AE%E5%89%8D%E5%9C%A8%E6%8B%9B%E5%8B%9F%E8%B3%87%E6%B7%B1%E8%BB%9F%E9%AB%94%E5%B7%A5%E7%A8%8B%E5%B8%AB%E6%88%90%E7%82%BA%E6%8A%80%E8%A1%93%E5%90%88%E5%A4%A5%E4%BA%BA%E6%83%B3%E5%A4%9A%E4%BA%86%E8%A7%A3%E7%A4%BE%E7%BE%A4%E4%B8%8A%E5%B7%A5%E7%A8%8B%E5%B8%AB%E5%80%91%E7%9A%84%E5%BB%BA%E8%AD%B0-%E6%88%91%E8%88%87%E5%B9%BE%E4%BD%8D%E6%BD%9B%E5%9C%A8%E9%9D%A2%E8%A9%A6%E8%80%85%E7%9A%84)
[SerpApi-Threads] [尋找CTO] Oracle 最終不會需要輸入密碼才能登入。因為當人記不住越 ... (https://www.threads.net/@poliecon/post/DAgRbQbyyQQ)

--- Batch Logged at 2026-01-19 21:10:21 ---
[SerpApi-Threads] [軟體開發創業] AICoding · 861K threads (https://www.threads.net/tag/AICoding)

--- Batch Logged at 2026-01-19 21:10:30 ---
[SerpApi-Twitter] [SaaSCo-founder] Tim Scullin (@timscullin) / Posts / X (https://twitter.com/timscullin)
[SerpApi-Twitter] [SaaSCo-founder] Had a little win from my former life as a SaaS co-founder ✨ ... (https://mobile.twitter.com/calebulf/status/1636395523262545920)
[SerpApi-Twitter] [SaaSCo-founder] Dan Bladen (@danbladen) / Posts / X (https://twitter.com/danbladen?lang=el)
[SerpApi-Twitter] [SaaSCo-founder] #SASCO welcomes NACS -CLE - Mena regions leaders It's ... (https://twitter.com/sasco_palm/status/1862581482520551699)
